
Showing logs for build [32mcb-kubecd-environment-pr-167-67-wsfc2-1[0m stage [32mfrom-build-pack[0m and container [32mstep-credential-initializer-g7q4m[0m
{"level":"warn","ts":1582850311.8547914,"logger":"fallback-logger","caller":"logging/config.go:69","msg":"Fetch GitHub commit ID from kodata failed: \"ref: refs/heads/0.8.0-**-support-backwards-incompats\" is not a valid GitHub commit ID"}
{"level":"info","ts":1582850311.8553436,"logger":"fallback-logger","caller":"creds-init/main.go:40","msg":"Credentials initialized."}

Showing logs for build [32mcb-kubecd-environment-pr-167-67-wsfc2-1[0m stage [32mfrom-build-pack[0m and container [32mstep-working-dir-initializer-snhd7[0m
{"level":"warn","ts":1582850312.869911,"logger":"fallback-logger","caller":"logging/config.go:69","msg":"Fetch GitHub commit ID from kodata failed: open /var/run/ko/HEAD: no such file or directory"}
{"level":"info","ts":1582850312.8714578,"logger":"fallback-logger","caller":"bash/main.go:64","msg":"Successfully executed command \"sh -c mkdir -p /workspace/source\"; output "}

Showing logs for build [32mcb-kubecd-environment-pr-167-67-wsfc2-1[0m stage [32mfrom-build-pack[0m and container [32mstep-place-tools[0m

Showing logs for build [32mcb-kubecd-environment-pr-167-67-wsfc2-1[0m stage [32mfrom-build-pack[0m and container [32mstep-git-source-cb-kubecd-environment-pr-167-67-wsfc2-cmlnr[0m
{"level":"warn","ts":1582850318.998388,"logger":"fallback-logger","caller":"logging/config.go:69","msg":"Fetch GitHub commit ID from kodata failed: \"ref: refs/heads/0.8.0-**-support-backwards-incompats\" is not a valid GitHub commit ID"}
{"level":"info","ts":1582850320.0355797,"logger":"fallback-logger","caller":"git/git.go:103","msg":"Successfully cloned https://github.com/cb-kubecd/environment-pr-167-67-boot-vault-gke-staging.git @ master in path /workspace/source"}

Showing logs for build [32mcb-kubecd-environment-pr-167-67-wsfc2-1[0m stage [32mfrom-build-pack[0m and container [32mstep-git-merge[0m
Using SHAs from PULL_REFS=master:96ce1042f9008a136594f87d41808eb2d18df5ca,1:aad9e06fd39a1bc74cf61f345630d8d2f9902faf
DEBUG: LC_ALL=C JX_LOG_LEVEL=error git fetch origin --unshallow aad9e06fd39a1bc74cf61f345630d8d2f9902faf: 96ce1042f9008a136594f87d41808eb2d18df5ca:
DEBUG: ran git fetch --unshallow origin aad9e06fd39a1bc74cf61f345630d8d2f9902faf: 96ce1042f9008a136594f87d41808eb2d18df5ca: in 
DEBUG: LC_ALL=C JX_LOG_LEVEL=error git branch
DEBUG: LC_ALL=C JX_LOG_LEVEL=error git checkout master
DEBUG: ran git checkout master in 
DEBUG: LC_ALL=C JX_LOG_LEVEL=error git reset --hard 96ce1042f9008a136594f87d41808eb2d18df5ca
DEBUG: ran git reset --hard 96ce1042f9008a136594f87d41808eb2d18df5ca in 
DEBUG: LC_ALL=C JX_LOG_LEVEL=error git clean -fd .
DEBUG: ran clean --force -d . in 
DEBUG: LC_ALL=C JX_LOG_LEVEL=error git merge aad9e06fd39a1bc74cf61f345630d8d2f9902faf
DEBUG: ran git merge aad9e06fd39a1bc74cf61f345630d8d2f9902faf in 
DEBUG: LC_ALL=C JX_LOG_LEVEL=error git log --format=%H%x1f%an%x1f%ae%x1f%cn%x1f%ce%x1f%s%n%b%x1e 96ce1042f9008a136594f87d41808eb2d18df5ca..HEAD
Merged SHA aad9e06fd39a1bc74cf61f345630d8d2f9902faf with commit message 'chore: Promote bdd-spring-1582849922 to version 0.0.1' into base branch master

Showing logs for build [32mcb-kubecd-environment-pr-167-67-wsfc2-1[0m stage [32mfrom-build-pack[0m and container [32mstep-build-helm-build[0m
WARNING: No $CHART_REPOSITORY defined so using the default value of: http://jenkins-x-chartmuseum:8080
Adding missing Helm repo: storage.googleapis.com https://storage.googleapis.com/chartmuseum.jenkins-x.io
WARNING: No secrets found on "helm/repos" due: reading the secret "helm/repos" from vault: no secret "helm/repos" not found in vault
Read credentials for https://storage.googleapis.com/chartmuseum.jenkins-x.io from vault helm/repos
Successfully added Helm repository storage.googleapis.com.
Adding missing Helm repo: jenkins-x-chartmuseum http://jenkins-x-chartmuseum:8080
WARNING: No secrets found on "helm/repos" due: reading the secret "helm/repos" from vault: no secret "helm/repos" not found in vault
Read credentials for http://jenkins-x-chartmuseum:8080 from vault helm/repos
Successfully added Helm repository jenkins-x-chartmuseum.
WARNING: No $CHART_REPOSITORY defined so using the default value of: http://jenkins-x-chartmuseum:8080
Adding missing Helm repo: chartmuseum.jenkins-x.io http://chartmuseum.jenkins-x.io
WARNING: No secrets found on "helm/repos" due: reading the secret "helm/repos" from vault: no secret "helm/repos" not found in vault
Read credentials for http://chartmuseum.jenkins-x.io from vault helm/repos
Successfully added Helm repository chartmuseum.jenkins-x.io.
